[0.714s] Invoking command in '/ros_ws/src': PYTHONPATH=/ros_ws/src/build/fnhr/prefix_override:/ros_ws/src/install/fnhr/lib/python3.10/site-packages:${PYTHONPATH} /usr/bin/python3 setup.py egg_info --egg-base build/fnhr build --build-base /ros_ws/src/build/fnhr/build install --record /ros_ws/src/build/fnhr/install.log --single-version-externally-managed
[1.118s] running egg_info
[1.121s] creating build/fnhr/fnhr.egg-info
[1.124s] writing build/fnhr/fnhr.egg-info/PKG-INFO
[1.130s] writing dependency_links to build/fnhr/fnhr.egg-info/dependency_links.txt
[1.135s] writing entry points to build/fnhr/fnhr.egg-info/entry_points.txt
[1.138s] writing requirements to build/fnhr/fnhr.egg-info/requires.txt
[1.140s] writing top-level names to build/fnhr/fnhr.egg-info/top_level.txt
[1.145s] writing manifest file 'build/fnhr/fnhr.egg-info/SOURCES.txt'
[1.165s] reading manifest file 'build/fnhr/fnhr.egg-info/SOURCES.txt'
[1.194s] writing manifest file 'build/fnhr/fnhr.egg-info/SOURCES.txt'
[1.196s] running build
[1.196s] running build_py
[1.199s] creating /ros_ws/src/build/fnhr/build
[1.201s] creating /ros_ws/src/build/fnhr/build/lib
[1.202s] creating /ros_ws/src/build/fnhr/build/lib/fnhr
[1.207s] copying fnhr/Orders.py -> /ros_ws/src/build/fnhr/build/lib/fnhr
[1.219s] copying fnhr/wifi.py -> /ros_ws/src/build/fnhr/build/lib/fnhr
[1.230s] copying fnhr/__init__.py -> /ros_ws/src/build/fnhr/build/lib/fnhr
[1.237s] running install
[1.237s] /usr/lib/python3/dist-packages/setuptools/command/install.py:34: SetuptoolsDeprecationWarning: setup.py install is deprecated. Use build and pip and other standards-based tools.
[1.238s]   warnings.warn(
[1.238s] running install_lib
[1.249s] creating /ros_ws/src/install/fnhr/lib/python3.10/site-packages/fnhr
[1.257s] copying /ros_ws/src/build/fnhr/build/lib/fnhr/Orders.py -> /ros_ws/src/install/fnhr/lib/python3.10/site-packages/fnhr
[1.275s] copying /ros_ws/src/build/fnhr/build/lib/fnhr/wifi.py -> /ros_ws/src/install/fnhr/lib/python3.10/site-packages/fnhr
[1.292s] copying /ros_ws/src/build/fnhr/build/lib/fnhr/__init__.py -> /ros_ws/src/install/fnhr/lib/python3.10/site-packages/fnhr
[1.310s] byte-compiling /ros_ws/src/install/fnhr/lib/python3.10/site-packages/fnhr/Orders.py to Orders.cpython-310.pyc
[1.330s] byte-compiling /ros_ws/src/install/fnhr/lib/python3.10/site-packages/fnhr/wifi.py to wifi.cpython-310.pyc
[1.351s] byte-compiling /ros_ws/src/install/fnhr/lib/python3.10/site-packages/fnhr/__init__.py to __init__.cpython-310.pyc
[1.367s] running install_data
[1.371s] creating /ros_ws/src/install/fnhr/share/ament_index
[1.373s] creating /ros_ws/src/install/fnhr/share/ament_index/resource_index
[1.374s] creating /ros_ws/src/install/fnhr/share/ament_index/resource_index/packages
[1.380s] copying resource/fnhr -> /ros_ws/src/install/fnhr/share/ament_index/resource_index/packages
[1.392s] copying package.xml -> /ros_ws/src/install/fnhr/share/fnhr
[1.399s] running install_egg_info
[1.408s] Copying build/fnhr/fnhr.egg-info to /ros_ws/src/install/fnhr/lib/python3.10/site-packages/fnhr-0.0.0-py3.10.egg-info
[1.536s] running install_scripts
[1.575s] Installing wifi script to /ros_ws/src/install/fnhr/lib/fnhr
[1.583s] writing list of installed files to '/ros_ws/src/build/fnhr/install.log'
[1.599s] Invoked command in '/ros_ws/src' returned '0': PYTHONPATH=/ros_ws/src/build/fnhr/prefix_override:/ros_ws/src/install/fnhr/lib/python3.10/site-packages:${PYTHONPATH} /usr/bin/python3 setup.py egg_info --egg-base build/fnhr build --build-base /ros_ws/src/build/fnhr/build install --record /ros_ws/src/build/fnhr/install.log --single-version-externally-managed
